2026-03-05 03:01:17 | ERROR | Kevin | (pyodbc.OperationalError) ('08S01', '[08S01] [Microsoft][ODBC Driver 17 for SQL Server]Proveedor de memoria compartida: No hay ningún proceso en el otro extremo de la canalización.\r\n (233) (SQLExecDirectW); [08S01] [Microsoft][ODBC Driver 17 for SQL Server]Error en el vínculo de comunicación (233)')
[SQL: SELECT [CAI].[ID_Cai] AS [CAI_ID_Cai], [CAI].num_cai AS [CAI_num_cai], [CAI].[Fecha_Emision] AS [CAI_Fecha_Emision], [CAI].[Fecha_Final] AS [CAI_Fecha_Final], [CAI].[Rango_Inicial] AS [CAI_Rango_Inicial], [CAI].[Rango_Final] AS [CAI_Rango_Final], [CAI].estado AS [CAI_estado], [CAI].[ID_sucursal] AS [CAI_ID_sucursal], [CAI].[Secuencia] AS [CAI_Secuencia] 
FROM [CAI] 
WHERE [CAI].[ID_Cai] = ?]
[parameters: ('1',)]
(Background on this error at: https://sqlalche.me/e/20/e3q8)
2026-03-05 03:01:17 | ERROR | Kevin | Traceback (most recent call last):
  File "C:\Users\kevin\Desktop\Clases\periodo 3 2025\ing softwarre\Proyectop\venv\Lib\site-packages\sqlalchemy\engine\base.py", line 1967, in _exec_single_context
    self.dialect.do_execute(
    ~~~~~~~~~~~~~~~~~~~~~~~^
        cursor, str_statement, effective_parameters, context
        ^^^^^^^^^^^^^^^^^^^^^^^^^^^^^^^^^^^^^^^^^^^^^^^^^^^^
    )
    ^
  File "C:\Users\kevin\Desktop\Clases\periodo 3 2025\ing softwarre\Proyectop\venv\Lib\site-packages\sqlalchemy\engine\default.py", line 951, in do_execute
    cursor.execute(statement, parameters)
    ~~~~~~~~~~~~~~^^^^^^^^^^^^^^^^^^^^^^^
pyodbc.OperationalError: ('08S01', '[08S01] [Microsoft][ODBC Driver 17 for SQL Server]Proveedor de memoria compartida: No hay ningún proceso en el otro extremo de la canalización.\r\n (233) (SQLExecDirectW); [08S01] [Microsoft][ODBC Driver 17 for SQL Server]Error en el vínculo de comunicación (233)')

The above exception was the direct cause of the following exception:

Traceback (most recent call last):
  File "C:\Users\kevin\Desktop\Clases\periodo 3 2025\ing softwarre\Proyectop\proyecto\models\admin_cai_view.py", line 291, in edit_view
    resp = super().edit_view()
  File "C:\Users\kevin\Desktop\Clases\periodo 3 2025\ing softwarre\Proyectop\venv\Lib\site-packages\flask_admin\base.py", line 69, in inner
    return self._run_view(f, *args, **kwargs)
           ~~~~~~~~~~~~~~^^^^^^^^^^^^^^^^^^^^
  File "C:\Users\kevin\Desktop\Clases\periodo 3 2025\ing softwarre\Proyectop\venv\Lib\site-packages\flask_admin\base.py", line 369, in _run_view
    return fn(self, *args, **kwargs)
  File "C:\Users\kevin\Desktop\Clases\periodo 3 2025\ing softwarre\Proyectop\venv\Lib\site-packages\flask_admin\model\base.py", line 2143, in edit_view
    model = self.get_one(id)
  File "C:\Users\kevin\Desktop\Clases\periodo 3 2025\ing softwarre\Proyectop\venv\Lib\site-packages\flask_admin\contrib\sqla\view.py", line 1119, in get_one
    return self.session.query(self.model).get(tools.iterdecode(id))
           ~~~~~~~~~~~~~~~~~~~~~~~~~~~~~~~~~~^^^^^^^^^^^^^^^^^^^^^^
  File "<string>", line 2, in get
  File "C:\Users\kevin\Desktop\Clases\periodo 3 2025\ing softwarre\Proyectop\venv\Lib\site-packages\sqlalchemy\util\deprecations.py", line 386, in warned
    return fn(*args, **kwargs)  # type: ignore[no-any-return]
  File "C:\Users\kevin\Desktop\Clases\periodo 3 2025\ing softwarre\Proyectop\venv\Lib\site-packages\sqlalchemy\orm\query.py", line 1126, in get
    return self._get_impl(ident, loading.load_on_pk_identity)
           ~~~~~~~~~~~~~~^^^^^^^^^^^^^^^^^^^^^^^^^^^^^^^^^^^^
  File "C:\Users\kevin\Desktop\Clases\periodo 3 2025\ing softwarre\Proyectop\venv\Lib\site-packages\sqlalchemy\orm\query.py", line 1135, in _get_impl
    return self.session._get_impl(
           ~~~~~~~~~~~~~~~~~~~~~~^
        mapper,
        ^^^^^^^
    ...<6 lines>...
        execution_options=self._execution_options,
        ^^^^^^^^^^^^^^^^^^^^^^^^^^^^^^^^^^^^^^^^^^
    )
    ^
  File "C:\Users\kevin\Desktop\Clases\periodo 3 2025\ing softwarre\Proyectop\venv\Lib\site-packages\sqlalchemy\orm\session.py", line 3859, in _get_impl
    return db_load_fn(
        self,
    ...<5 lines>...
        bind_arguments=bind_arguments,
    )
  File "C:\Users\kevin\Desktop\Clases\periodo 3 2025\ing softwarre\Proyectop\venv\Lib\site-packages\sqlalchemy\orm\loading.py", line 695, in load_on_pk_identity
    session.execute(
    ~~~~~~~~~~~~~~~^
        q,
        ^^
    ...<2 lines>...
        bind_arguments=bind_arguments,
        ^^^^^^^^^^^^^^^^^^^^^^^^^^^^^^
    )
    ^
  File "C:\Users\kevin\Desktop\Clases\periodo 3 2025\ing softwarre\Proyectop\venv\Lib\site-packages\sqlalchemy\orm\session.py", line 2351, in execute
    return self._execute_internal(
           ~~~~~~~~~~~~~~~~~~~~~~^
        statement,
        ^^^^^^^^^^
    ...<4 lines>...
        _add_event=_add_event,
        ^^^^^^^^^^^^^^^^^^^^^^
    )
    ^
  File "C:\Users\kevin\Desktop\Clases\periodo 3 2025\ing softwarre\Proyectop\venv\Lib\site-packages\sqlalchemy\orm\session.py", line 2249, in _execute_internal
    result: Result[Any] = compile_state_cls.orm_execute_statement(
                          ~~~~~~~~~~~~~~~~~~~~~~~~~~~~~~~~~~~~~~~^
        self,
        ^^^^^
    ...<4 lines>...
        conn,
        ^^^^^
    )
    ^
  File "C:\Users\kevin\Desktop\Clases\periodo 3 2025\ing softwarre\Proyectop\venv\Lib\site-packages\sqlalchemy\orm\context.py", line 306, in orm_execute_statement
    result = conn.execute(
        statement, params or {}, execution_options=execution_options
    )
  File "C:\Users\kevin\Desktop\Clases\periodo 3 2025\ing softwarre\Proyectop\venv\Lib\site-packages\sqlalchemy\engine\base.py", line 1419, in execute
    return meth(
        self,
        distilled_parameters,
        execution_options or NO_OPTIONS,
    )
  File "C:\Users\kevin\Desktop\Clases\periodo 3 2025\ing softwarre\Proyectop\venv\Lib\site-packages\sqlalchemy\sql\elements.py", line 526, in _execute_on_connection
    return connection._execute_clauseelement(
           ~~~~~~~~~~~~~~~~~~~~~~~~~~~~~~~~~^
        self, distilled_params, execution_options
        ^^^^^^^^^^^^^^^^^^^^^^^^^^^^^^^^^^^^^^^^^
    )
    ^
  File "C:\Users\kevin\Desktop\Clases\periodo 3 2025\ing softwarre\Proyectop\venv\Lib\site-packages\sqlalchemy\engine\base.py", line 1641, in _execute_clauseelement
    ret = self._execute_context(
        dialect,
    ...<8 lines>...
        cache_hit=cache_hit,
    )
  File "C:\Users\kevin\Desktop\Clases\periodo 3 2025\ing softwarre\Proyectop\venv\Lib\site-packages\sqlalchemy\engine\base.py", line 1846, in _execute_context
    return self._exec_single_context(
           ~~~~~~~~~~~~~~~~~~~~~~~~~^
        dialect, context, statement, parameters
        ^^^^^^^^^^^^^^^^^^^^^^^^^^^^^^^^^^^^^^^
    )
    ^
  File "C:\Users\kevin\Desktop\Clases\periodo 3 2025\ing softwarre\Proyectop\venv\Lib\site-packages\sqlalchemy\engine\base.py", line 1986, in _exec_single_context
    self._handle_dbapi_exception(
    ~~~~~~~~~~~~~~~~~~~~~~~~~~~~^
        e, str_statement, effective_parameters, cursor, context
        ^^^^^^^^^^^^^^^^^^^^^^^^^^^^^^^^^^^^^^^^^^^^^^^^^^^^^^^
    )
    ^
  File "C:\Users\kevin\Desktop\Clases\periodo 3 2025\ing softwarre\Proyectop\venv\Lib\site-packages\sqlalchemy\engine\base.py", line 2355, in _handle_dbapi_exception
    raise sqlalchemy_exception.with_traceback(exc_info[2]) from e
  File "C:\Users\kevin\Desktop\Clases\periodo 3 2025\ing softwarre\Proyectop\venv\Lib\site-packages\sqlalchemy\engine\base.py", line 1967, in _exec_single_context
    self.dialect.do_execute(
    ~~~~~~~~~~~~~~~~~~~~~~~^
        cursor, str_statement, effective_parameters, context
        ^^^^^^^^^^^^^^^^^^^^^^^^^^^^^^^^^^^^^^^^^^^^^^^^^^^^
    )
    ^
  File "C:\Users\kevin\Desktop\Clases\periodo 3 2025\ing softwarre\Proyectop\venv\Lib\site-packages\sqlalchemy\engine\default.py", line 951, in do_execute
    cursor.execute(statement, parameters)
    ~~~~~~~~~~~~~~^^^^^^^^^^^^^^^^^^^^^^^
sqlalchemy.exc.OperationalError: (pyodbc.OperationalError) ('08S01', '[08S01] [Microsoft][ODBC Driver 17 for SQL Server]Proveedor de memoria compartida: No hay ningún proceso en el otro extremo de la canalización.\r\n (233) (SQLExecDirectW); [08S01] [Microsoft][ODBC Driver 17 for SQL Server]Error en el vínculo de comunicación (233)')
[SQL: SELECT [CAI].[ID_Cai] AS [CAI_ID_Cai], [CAI].num_cai AS [CAI_num_cai], [CAI].[Fecha_Emision] AS [CAI_Fecha_Emision], [CAI].[Fecha_Final] AS [CAI_Fecha_Final], [CAI].[Rango_Inicial] AS [CAI_Rango_Inicial], [CAI].[Rango_Final] AS [CAI_Rango_Final], [CAI].estado AS [CAI_estado], [CAI].[ID_sucursal] AS [CAI_ID_sucursal], [CAI].[Secuencia] AS [CAI_Secuencia] 
FROM [CAI] 
WHERE [CAI].[ID_Cai] = ?]
[parameters: ('1',)]
(Background on this error at: https://sqlalche.me/e/20/e3q8)

