2026-03-05 04:47:00 | ERROR | Kevin | (pyodbc.OperationalError) ('08001', '[08001] [Microsoft][ODBC Driver 17 for SQL Server]SQL Server Network Interfaces: Error Locating Server/Instance Specified [xFFFFFFFF].  (-1) (SQLDriverConnect); [08001] [Microsoft][ODBC Driver 17 for SQL Server]Login timeout expired (0); [08001] [Microsoft][ODBC Driver 17 for SQL Server]A network-related or instance-specific error has occurred while establishing a connection to SQL Server. Server is not found or not accessible. Check if instance name is correct and if SQL Server is configured to allow remote connections. For more information see SQL Server Books Online. (-1)')
(Background on this error at: https://sqlalche.me/e/20/e3q8)
2026-03-05 04:47:00 | ERROR | Kevin | Traceback (most recent call last):
  File "C:\Users\Emili\Downloads\alitas-is2\venv\Lib\site-packages\sqlalchemy\engine\base.py", line 143, in __init__
    self._dbapi_connection = engine.raw_connection()
                             ^^^^^^^^^^^^^^^^^^^^^^^
  File "C:\Users\Emili\Downloads\alitas-is2\venv\Lib\site-packages\sqlalchemy\engine\base.py", line 3301, in raw_connection
    return self.pool.connect()
           ^^^^^^^^^^^^^^^^^^^
  File "C:\Users\Emili\Downloads\alitas-is2\venv\Lib\site-packages\sqlalchemy\pool\base.py", line 447, in connect
    return _ConnectionFairy._checkout(self)
           ^^^^^^^^^^^^^^^^^^^^^^^^^^^^^^^^
  File "C:\Users\Emili\Downloads\alitas-is2\venv\Lib\site-packages\sqlalchemy\pool\base.py", line 1264, in _checkout
    fairy = _ConnectionRecord.checkout(pool)
            ^^^^^^^^^^^^^^^^^^^^^^^^^^^^^^^^
  File "C:\Users\Emili\Downloads\alitas-is2\venv\Lib\site-packages\sqlalchemy\pool\base.py", line 716, in checkout
    with util.safe_reraise():
  File "C:\Users\Emili\Downloads\alitas-is2\venv\Lib\site-packages\sqlalchemy\util\langhelpers.py", line 224, in __exit__
    raise exc_value.with_traceback(exc_tb)
  File "C:\Users\Emili\Downloads\alitas-is2\venv\Lib\site-packages\sqlalchemy\pool\base.py", line 714, in checkout
    dbapi_connection = rec.get_connection()
                       ^^^^^^^^^^^^^^^^^^^^
  File "C:\Users\Emili\Downloads\alitas-is2\venv\Lib\site-packages\sqlalchemy\pool\base.py", line 836, in get_connection
    self.__connect()
  File "C:\Users\Emili\Downloads\alitas-is2\venv\Lib\site-packages\sqlalchemy\pool\base.py", line 899, in __connect
    with util.safe_reraise():
  File "C:\Users\Emili\Downloads\alitas-is2\venv\Lib\site-packages\sqlalchemy\util\langhelpers.py", line 224, in __exit__
    raise exc_value.with_traceback(exc_tb)
  File "C:\Users\Emili\Downloads\alitas-is2\venv\Lib\site-packages\sqlalchemy\pool\base.py", line 895, in __connect
    self.dbapi_connection = connection = pool._invoke_creator(self)
                                         ^^^^^^^^^^^^^^^^^^^^^^^^^^
  File "C:\Users\Emili\Downloads\alitas-is2\venv\Lib\site-packages\sqlalchemy\engine\create.py", line 661, in connect
    return dialect.connect(*cargs, **cparams)
           ^^^^^^^^^^^^^^^^^^^^^^^^^^^^^^^^^^
  File "C:\Users\Emili\Downloads\alitas-is2\venv\Lib\site-packages\sqlalchemy\engine\default.py", line 629, in connect
    return self.loaded_dbapi.connect(*cargs, **cparams)  # type: ignore[no-any-return]  # NOQA: E501
           ^^^^^^^^^^^^^^^^^^^^^^^^^^^^^^^^^^^^^^^^^^^^
pyodbc.OperationalError: ('08001', '[08001] [Microsoft][ODBC Driver 17 for SQL Server]SQL Server Network Interfaces: Error Locating Server/Instance Specified [xFFFFFFFF].  (-1) (SQLDriverConnect); [08001] [Microsoft][ODBC Driver 17 for SQL Server]Login timeout expired (0); [08001] [Microsoft][ODBC Driver 17 for SQL Server]A network-related or instance-specific error has occurred while establishing a connection to SQL Server. Server is not found or not accessible. Check if instance name is correct and if SQL Server is configured to allow remote connections. For more information see SQL Server Books Online. (-1)')

The above exception was the direct cause of the following exception:

Traceback (most recent call last):
  File "C:\Users\Emili\Downloads\alitas-is2\models\admin_empleado_view.py", line 164, in get_list
    return super().get_list(
           ^^^^^^^^^^^^^^^^^
  File "C:\Users\Emili\Downloads\alitas-is2\venv\Lib\site-packages\flask_admin\contrib\sqla\view.py", line 1086, in get_list
    count = count_query.scalar() if count_query else None
            ^^^^^^^^^^^^^^^^^^^^
  File "C:\Users\Emili\Downloads\alitas-is2\venv\Lib\site-packages\sqlalchemy\orm\query.py", line 2835, in scalar
    ret = self.one()
          ^^^^^^^^^^
  File "C:\Users\Emili\Downloads\alitas-is2\venv\Lib\site-packages\sqlalchemy\orm\query.py", line 2808, in one
    return self._iter().one()  # type: ignore
           ^^^^^^^^^^^^
  File "C:\Users\Emili\Downloads\alitas-is2\venv\Lib\site-packages\sqlalchemy\orm\query.py", line 2857, in _iter
    result: Union[ScalarResult[_T], Result[_T]] = self.session.execute(
                                                  ^^^^^^^^^^^^^^^^^^^^^
  File "C:\Users\Emili\Downloads\alitas-is2\venv\Lib\site-packages\sqlalchemy\orm\session.py", line 2351, in execute
    return self._execute_internal(
           ^^^^^^^^^^^^^^^^^^^^^^^
  File "C:\Users\Emili\Downloads\alitas-is2\venv\Lib\site-packages\sqlalchemy\orm\session.py", line 2239, in _execute_internal
    conn = self._connection_for_bind(bind)
           ^^^^^^^^^^^^^^^^^^^^^^^^^^^^^^^
  File "C:\Users\Emili\Downloads\alitas-is2\venv\Lib\site-packages\sqlalchemy\orm\session.py", line 2108, in _connection_for_bind
    return trans._connection_for_bind(engine, execution_options)
           ^^^^^^^^^^^^^^^^^^^^^^^^^^^^^^^^^^^^^^^^^^^^^^^^^^^^^
  File "<string>", line 2, in _connection_for_bind
  File "C:\Users\Emili\Downloads\alitas-is2\venv\Lib\site-packages\sqlalchemy\orm\state_changes.py", line 137, in _go
    ret_value = fn(self, *arg, **kw)
                ^^^^^^^^^^^^^^^^^^^^
  File "C:\Users\Emili\Downloads\alitas-is2\venv\Lib\site-packages\sqlalchemy\orm\session.py", line 1187, in _connection_for_bind
    conn = bind.connect()
           ^^^^^^^^^^^^^^
  File "C:\Users\Emili\Downloads\alitas-is2\venv\Lib\site-packages\sqlalchemy\engine\base.py", line 3277, in connect
    return self._connection_cls(self)
           ^^^^^^^^^^^^^^^^^^^^^^^^^^
  File "C:\Users\Emili\Downloads\alitas-is2\venv\Lib\site-packages\sqlalchemy\engine\base.py", line 145, in __init__
    Connection._handle_dbapi_exception_noconnection(
  File "C:\Users\Emili\Downloads\alitas-is2\venv\Lib\site-packages\sqlalchemy\engine\base.py", line 2440, in _handle_dbapi_exception_noconnection
    raise sqlalchemy_exception.with_traceback(exc_info[2]) from e
  File "C:\Users\Emili\Downloads\alitas-is2\venv\Lib\site-packages\sqlalchemy\engine\base.py", line 143, in __init__
    self._dbapi_connection = engine.raw_connection()
                             ^^^^^^^^^^^^^^^^^^^^^^^
  File "C:\Users\Emili\Downloads\alitas-is2\venv\Lib\site-packages\sqlalchemy\engine\base.py", line 3301, in raw_connection
    return self.pool.connect()
           ^^^^^^^^^^^^^^^^^^^
  File "C:\Users\Emili\Downloads\alitas-is2\venv\Lib\site-packages\sqlalchemy\pool\base.py", line 447, in connect
    return _ConnectionFairy._checkout(self)
           ^^^^^^^^^^^^^^^^^^^^^^^^^^^^^^^^
  File "C:\Users\Emili\Downloads\alitas-is2\venv\Lib\site-packages\sqlalchemy\pool\base.py", line 1264, in _checkout
    fairy = _ConnectionRecord.checkout(pool)
            ^^^^^^^^^^^^^^^^^^^^^^^^^^^^^^^^
  File "C:\Users\Emili\Downloads\alitas-is2\venv\Lib\site-packages\sqlalchemy\pool\base.py", line 716, in checkout
    with util.safe_reraise():
  File "C:\Users\Emili\Downloads\alitas-is2\venv\Lib\site-packages\sqlalchemy\util\langhelpers.py", line 224, in __exit__
    raise exc_value.with_traceback(exc_tb)
  File "C:\Users\Emili\Downloads\alitas-is2\venv\Lib\site-packages\sqlalchemy\pool\base.py", line 714, in checkout
    dbapi_connection = rec.get_connection()
                       ^^^^^^^^^^^^^^^^^^^^
  File "C:\Users\Emili\Downloads\alitas-is2\venv\Lib\site-packages\sqlalchemy\pool\base.py", line 836, in get_connection
    self.__connect()
  File "C:\Users\Emili\Downloads\alitas-is2\venv\Lib\site-packages\sqlalchemy\pool\base.py", line 899, in __connect
    with util.safe_reraise():
  File "C:\Users\Emili\Downloads\alitas-is2\venv\Lib\site-packages\sqlalchemy\util\langhelpers.py", line 224, in __exit__
    raise exc_value.with_traceback(exc_tb)
  File "C:\Users\Emili\Downloads\alitas-is2\venv\Lib\site-packages\sqlalchemy\pool\base.py", line 895, in __connect
    self.dbapi_connection = connection = pool._invoke_creator(self)
                                         ^^^^^^^^^^^^^^^^^^^^^^^^^^
  File "C:\Users\Emili\Downloads\alitas-is2\venv\Lib\site-packages\sqlalchemy\engine\create.py", line 661, in connect
    return dialect.connect(*cargs, **cparams)
           ^^^^^^^^^^^^^^^^^^^^^^^^^^^^^^^^^^
  File "C:\Users\Emili\Downloads\alitas-is2\venv\Lib\site-packages\sqlalchemy\engine\default.py", line 629, in connect
    return self.loaded_dbapi.connect(*cargs, **cparams)  # type: ignore[no-any-return]  # NOQA: E501
           ^^^^^^^^^^^^^^^^^^^^^^^^^^^^^^^^^^^^^^^^^^^^
sqlalchemy.exc.OperationalError: (pyodbc.OperationalError) ('08001', '[08001] [Microsoft][ODBC Driver 17 for SQL Server]SQL Server Network Interfaces: Error Locating Server/Instance Specified [xFFFFFFFF].  (-1) (SQLDriverConnect); [08001] [Microsoft][ODBC Driver 17 for SQL Server]Login timeout expired (0); [08001] [Microsoft][ODBC Driver 17 for SQL Server]A network-related or instance-specific error has occurred while establishing a connection to SQL Server. Server is not found or not accessible. Check if instance name is correct and if SQL Server is configured to allow remote connections. For more information see SQL Server Books Online. (-1)')
(Background on this error at: https://sqlalche.me/e/20/e3q8)

2026-03-05 04:47:00 | ERROR | Kevin | BaseModelView.index_view() got an unexpected keyword argument 'cls'
2026-03-05 04:47:00 | ERROR | Kevin | Traceback (most recent call last):
  File "C:\Users\Emili\Downloads\alitas-is2\venv\Lib\site-packages\flask_admin\base.py", line 369, in _run_view
    return fn(self, *args, **kwargs)
           ^^^^^^^^^^^^^^^^^^^^^^^^^
  File "C:\Users\Emili\Downloads\alitas-is2\venv\Lib\site-packages\flask_admin\model\base.py", line 1990, in index_view
    num_pages = int(ceil(count / float(page_size)))
                         ~~~~~~^~~~~~~~~~~~~~~~~~
TypeError: unsupported operand type(s) for /: 'str' and 'float'

During handling of the above exception, another exception occurred:

Traceback (most recent call last):
  File "C:\Users\Emili\Downloads\alitas-is2\models\admin_empleado_view.py", line 463, in index_view
    return super().index_view()
           ^^^^^^^^^^^^^^^^^^^^
  File "C:\Users\Emili\Downloads\alitas-is2\venv\Lib\site-packages\flask_admin\base.py", line 69, in inner
    return self._run_view(f, *args, **kwargs)
           ^^^^^^^^^^^^^^^^^^^^^^^^^^^^^^^^^^
  File "C:\Users\Emili\Downloads\alitas-is2\venv\Lib\site-packages\flask_admin\base.py", line 371, in _run_view
    return fn(cls=self, **kwargs)
           ^^^^^^^^^^^^^^^^^^^^^^
TypeError: BaseModelView.index_view() got an unexpected keyword argument 'cls'

