2026-03-05 03:01:40 | ERROR | Kevin | (pyodbc.OperationalError) ('08001', '[08001] [Microsoft][ODBC Driver 17 for SQL Server]Proveedor de TCP: No se puede establecer una conexión ya que el equipo de destino denegó expresamente dicha conexión.\r\n (10061) (SQLDriverConnect); [08001] [Microsoft][ODBC Driver 17 for SQL Server]Ha finalizado el tiempo de espera de inicio de sesión (0); [08001] [Microsoft][ODBC Driver 17 for SQL Server]Error relacionado con la red o específico de instancia al establecer conexión con el servidor SQL Server. El servidor no se encuentra o no está accesible. Compruebe si el nombre de la instancia es correcto y si SQL Server está configurado para permitir conexiones remotas. Para obtener más información, vea los Libros en pantalla de SQL Server. (10061)')
(Background on this error at: https://sqlalche.me/e/20/e3q8)
2026-03-05 03:01:40 | ERROR | Kevin | Traceback (most recent call last):
  File "C:\Users\kevin\Desktop\Clases\periodo 3 2025\ing softwarre\Proyectop\venv\Lib\site-packages\sqlalchemy\engine\base.py", line 143, in __init__
    self._dbapi_connection = engine.raw_connection()
                             ~~~~~~~~~~~~~~~~~~~~~^^
  File "C:\Users\kevin\Desktop\Clases\periodo 3 2025\ing softwarre\Proyectop\venv\Lib\site-packages\sqlalchemy\engine\base.py", line 3301, in raw_connection
    return self.pool.connect()
           ~~~~~~~~~~~~~~~~~^^
  File "C:\Users\kevin\Desktop\Clases\periodo 3 2025\ing softwarre\Proyectop\venv\Lib\site-packages\sqlalchemy\pool\base.py", line 447, in connect
    return _ConnectionFairy._checkout(self)
           ~~~~~~~~~~~~~~~~~~~~~~~~~~^^^^^^
  File "C:\Users\kevin\Desktop\Clases\periodo 3 2025\ing softwarre\Proyectop\venv\Lib\site-packages\sqlalchemy\pool\base.py", line 1264, in _checkout
    fairy = _ConnectionRecord.checkout(pool)
  File "C:\Users\kevin\Desktop\Clases\periodo 3 2025\ing softwarre\Proyectop\venv\Lib\site-packages\sqlalchemy\pool\base.py", line 716, in checkout
    with util.safe_reraise():
         ~~~~~~~~~~~~~~~~~^^
  File "C:\Users\kevin\Desktop\Clases\periodo 3 2025\ing softwarre\Proyectop\venv\Lib\site-packages\sqlalchemy\util\langhelpers.py", line 224, in __exit__
    raise exc_value.with_traceback(exc_tb)
  File "C:\Users\kevin\Desktop\Clases\periodo 3 2025\ing softwarre\Proyectop\venv\Lib\site-packages\sqlalchemy\pool\base.py", line 714, in checkout
    dbapi_connection = rec.get_connection()
  File "C:\Users\kevin\Desktop\Clases\periodo 3 2025\ing softwarre\Proyectop\venv\Lib\site-packages\sqlalchemy\pool\base.py", line 836, in get_connection
    self.__connect()
    ~~~~~~~~~~~~~~^^
  File "C:\Users\kevin\Desktop\Clases\periodo 3 2025\ing softwarre\Proyectop\venv\Lib\site-packages\sqlalchemy\pool\base.py", line 899, in __connect
    with util.safe_reraise():
         ~~~~~~~~~~~~~~~~~^^
  File "C:\Users\kevin\Desktop\Clases\periodo 3 2025\ing softwarre\Proyectop\venv\Lib\site-packages\sqlalchemy\util\langhelpers.py", line 224, in __exit__
    raise exc_value.with_traceback(exc_tb)
  File "C:\Users\kevin\Desktop\Clases\periodo 3 2025\ing softwarre\Proyectop\venv\Lib\site-packages\sqlalchemy\pool\base.py", line 895, in __connect
    self.dbapi_connection = connection = pool._invoke_creator(self)
                                         ~~~~~~~~~~~~~~~~~~~~^^^^^^
  File "C:\Users\kevin\Desktop\Clases\periodo 3 2025\ing softwarre\Proyectop\venv\Lib\site-packages\sqlalchemy\engine\create.py", line 661, in connect
    return dialect.connect(*cargs, **cparams)
           ~~~~~~~~~~~~~~~^^^^^^^^^^^^^^^^^^^
  File "C:\Users\kevin\Desktop\Clases\periodo 3 2025\ing softwarre\Proyectop\venv\Lib\site-packages\sqlalchemy\engine\default.py", line 629, in connect
    return self.loaded_dbapi.connect(*cargs, **cparams)  # type: ignore[no-any-return]  # NOQA: E501
           ~~~~~~~~~~~~~~~~~~~~~~~~~^^^^^^^^^^^^^^^^^^^
pyodbc.OperationalError: ('08001', '[08001] [Microsoft][ODBC Driver 17 for SQL Server]Proveedor de TCP: No se puede establecer una conexión ya que el equipo de destino denegó expresamente dicha conexión.\r\n (10061) (SQLDriverConnect); [08001] [Microsoft][ODBC Driver 17 for SQL Server]Ha finalizado el tiempo de espera de inicio de sesión (0); [08001] [Microsoft][ODBC Driver 17 for SQL Server]Error relacionado con la red o específico de instancia al establecer conexión con el servidor SQL Server. El servidor no se encuentra o no está accesible. Compruebe si el nombre de la instancia es correcto y si SQL Server está configurado para permitir conexiones remotas. Para obtener más información, vea los Libros en pantalla de SQL Server. (10061)')

The above exception was the direct cause of the following exception:

Traceback (most recent call last):
  File "C:\Users\kevin\Desktop\Clases\periodo 3 2025\ing softwarre\Proyectop\proyecto\reports\routes.py", line 385, in exportar
    cols, rows = _columnas_y_filas(model_cls)
                 ~~~~~~~~~~~~~~~~~^^^^^^^^^^^
  File "C:\Users\kevin\Desktop\Clases\periodo 3 2025\ing softwarre\Proyectop\proyecto\reports\routes.py", line 298, in _columnas_y_filas
    records = model_cls.query.limit(limit).all()
  File "C:\Users\kevin\Desktop\Clases\periodo 3 2025\ing softwarre\Proyectop\venv\Lib\site-packages\sqlalchemy\orm\query.py", line 2704, in all
    return self._iter().all()  # type: ignore
           ~~~~~~~~~~^^
  File "C:\Users\kevin\Desktop\Clases\periodo 3 2025\ing softwarre\Proyectop\venv\Lib\site-packages\sqlalchemy\orm\query.py", line 2857, in _iter
    result: Union[ScalarResult[_T], Result[_T]] = self.session.execute(
                                                  ~~~~~~~~~~~~~~~~~~~~^
        statement,
        ^^^^^^^^^^
        params,
        ^^^^^^^
        execution_options={"_sa_orm_load_options": self.load_options},
        ^^^^^^^^^^^^^^^^^^^^^^^^^^^^^^^^^^^^^^^^^^^^^^^^^^^^^^^^^^^^^^
    )
    ^
  File "C:\Users\kevin\Desktop\Clases\periodo 3 2025\ing softwarre\Proyectop\venv\Lib\site-packages\sqlalchemy\orm\session.py", line 2351, in execute
    return self._execute_internal(
           ~~~~~~~~~~~~~~~~~~~~~~^
        statement,
        ^^^^^^^^^^
    ...<4 lines>...
        _add_event=_add_event,
        ^^^^^^^^^^^^^^^^^^^^^^
    )
    ^
  File "C:\Users\kevin\Desktop\Clases\periodo 3 2025\ing softwarre\Proyectop\venv\Lib\site-packages\sqlalchemy\orm\session.py", line 2239, in _execute_internal
    conn = self._connection_for_bind(bind)
  File "C:\Users\kevin\Desktop\Clases\periodo 3 2025\ing softwarre\Proyectop\venv\Lib\site-packages\sqlalchemy\orm\session.py", line 2108, in _connection_for_bind
    return trans._connection_for_bind(engine, execution_options)
           ~~~~~~~~~~~~~~~~~~~~~~~~~~^^^^^^^^^^^^^^^^^^^^^^^^^^^
  File "<string>", line 2, in _connection_for_bind
  File "C:\Users\kevin\Desktop\Clases\periodo 3 2025\ing softwarre\Proyectop\venv\Lib\site-packages\sqlalchemy\orm\state_changes.py", line 137, in _go
    ret_value = fn(self, *arg, **kw)
  File "C:\Users\kevin\Desktop\Clases\periodo 3 2025\ing softwarre\Proyectop\venv\Lib\site-packages\sqlalchemy\orm\session.py", line 1187, in _connection_for_bind
    conn = bind.connect()
  File "C:\Users\kevin\Desktop\Clases\periodo 3 2025\ing softwarre\Proyectop\venv\Lib\site-packages\sqlalchemy\engine\base.py", line 3277, in connect
    return self._connection_cls(self)
           ~~~~~~~~~~~~~~~~~~~~^^^^^^
  File "C:\Users\kevin\Desktop\Clases\periodo 3 2025\ing softwarre\Proyectop\venv\Lib\site-packages\sqlalchemy\engine\base.py", line 145, in __init__
    Connection._handle_dbapi_exception_noconnection(
    ~~~~~~~~~~~~~~~~~~~~~~~~~~~~~~~~~~~~~~~~~~~~~~~^
        err, dialect, engine
        ^^^^^^^^^^^^^^^^^^^^
    )
    ^
  File "C:\Users\kevin\Desktop\Clases\periodo 3 2025\ing softwarre\Proyectop\venv\Lib\site-packages\sqlalchemy\engine\base.py", line 2440, in _handle_dbapi_exception_noconnection
    raise sqlalchemy_exception.with_traceback(exc_info[2]) from e
  File "C:\Users\kevin\Desktop\Clases\periodo 3 2025\ing softwarre\Proyectop\venv\Lib\site-packages\sqlalchemy\engine\base.py", line 143, in __init__
    self._dbapi_connection = engine.raw_connection()
                             ~~~~~~~~~~~~~~~~~~~~~^^
  File "C:\Users\kevin\Desktop\Clases\periodo 3 2025\ing softwarre\Proyectop\venv\Lib\site-packages\sqlalchemy\engine\base.py", line 3301, in raw_connection
    return self.pool.connect()
           ~~~~~~~~~~~~~~~~~^^
  File "C:\Users\kevin\Desktop\Clases\periodo 3 2025\ing softwarre\Proyectop\venv\Lib\site-packages\sqlalchemy\pool\base.py", line 447, in connect
    return _ConnectionFairy._checkout(self)
           ~~~~~~~~~~~~~~~~~~~~~~~~~~^^^^^^
  File "C:\Users\kevin\Desktop\Clases\periodo 3 2025\ing softwarre\Proyectop\venv\Lib\site-packages\sqlalchemy\pool\base.py", line 1264, in _checkout
    fairy = _ConnectionRecord.checkout(pool)
  File "C:\Users\kevin\Desktop\Clases\periodo 3 2025\ing softwarre\Proyectop\venv\Lib\site-packages\sqlalchemy\pool\base.py", line 716, in checkout
    with util.safe_reraise():
         ~~~~~~~~~~~~~~~~~^^
  File "C:\Users\kevin\Desktop\Clases\periodo 3 2025\ing softwarre\Proyectop\venv\Lib\site-packages\sqlalchemy\util\langhelpers.py", line 224, in __exit__
    raise exc_value.with_traceback(exc_tb)
  File "C:\Users\kevin\Desktop\Clases\periodo 3 2025\ing softwarre\Proyectop\venv\Lib\site-packages\sqlalchemy\pool\base.py", line 714, in checkout
    dbapi_connection = rec.get_connection()
  File "C:\Users\kevin\Desktop\Clases\periodo 3 2025\ing softwarre\Proyectop\venv\Lib\site-packages\sqlalchemy\pool\base.py", line 836, in get_connection
    self.__connect()
    ~~~~~~~~~~~~~~^^
  File "C:\Users\kevin\Desktop\Clases\periodo 3 2025\ing softwarre\Proyectop\venv\Lib\site-packages\sqlalchemy\pool\base.py", line 899, in __connect
    with util.safe_reraise():
         ~~~~~~~~~~~~~~~~~^^
  File "C:\Users\kevin\Desktop\Clases\periodo 3 2025\ing softwarre\Proyectop\venv\Lib\site-packages\sqlalchemy\util\langhelpers.py", line 224, in __exit__
    raise exc_value.with_traceback(exc_tb)
  File "C:\Users\kevin\Desktop\Clases\periodo 3 2025\ing softwarre\Proyectop\venv\Lib\site-packages\sqlalchemy\pool\base.py", line 895, in __connect
    self.dbapi_connection = connection = pool._invoke_creator(self)
                                         ~~~~~~~~~~~~~~~~~~~~^^^^^^
  File "C:\Users\kevin\Desktop\Clases\periodo 3 2025\ing softwarre\Proyectop\venv\Lib\site-packages\sqlalchemy\engine\create.py", line 661, in connect
    return dialect.connect(*cargs, **cparams)
           ~~~~~~~~~~~~~~~^^^^^^^^^^^^^^^^^^^
  File "C:\Users\kevin\Desktop\Clases\periodo 3 2025\ing softwarre\Proyectop\venv\Lib\site-packages\sqlalchemy\engine\default.py", line 629, in connect
    return self.loaded_dbapi.connect(*cargs, **cparams)  # type: ignore[no-any-return]  # NOQA: E501
           ~~~~~~~~~~~~~~~~~~~~~~~~~^^^^^^^^^^^^^^^^^^^
sqlalchemy.exc.OperationalError: (pyodbc.OperationalError) ('08001', '[08001] [Microsoft][ODBC Driver 17 for SQL Server]Proveedor de TCP: No se puede establecer una conexión ya que el equipo de destino denegó expresamente dicha conexión.\r\n (10061) (SQLDriverConnect); [08001] [Microsoft][ODBC Driver 17 for SQL Server]Ha finalizado el tiempo de espera de inicio de sesión (0); [08001] [Microsoft][ODBC Driver 17 for SQL Server]Error relacionado con la red o específico de instancia al establecer conexión con el servidor SQL Server. El servidor no se encuentra o no está accesible. Compruebe si el nombre de la instancia es correcto y si SQL Server está configurado para permitir conexiones remotas. Para obtener más información, vea los Libros en pantalla de SQL Server. (10061)')
(Background on this error at: https://sqlalche.me/e/20/e3q8)

