2026-03-05 02:59:38 | ERROR | Jefe Kevin | (pyodbc.OperationalError) ('08S01', '[08S01] [Microsoft][ODBC Driver 17 for SQL Server]Proveedor de memoria compartida: No hay ningún proceso en el otro extremo de la canalización.\r\n (233) (SQLExecDirectW); [08S01] [Microsoft][ODBC Driver 17 for SQL Server]Error en el vínculo de comunicación (233)')
[SQL: SELECT TOP 10000 [Recetas].[ID_Receta] AS [Recetas_ID_Receta], [Recetas].[ID_Jefe_de_cocina] AS [Recetas_ID_Jefe_de_cocina], [Recetas].[ID_sucursal] AS [Recetas_ID_sucursal], [Recetas].[Nombre_receta] AS [Recetas_Nombre_receta], [Recetas].[Estado] AS [Recetas_Estado], [Recetas].descripcion AS [Recetas_descripcion], [Recetas].categoria AS [Recetas_categoria], [Recetas].descripcion_cliente AS [Recetas_descripcion_cliente], [Direcciones_1].[ID_Direccion] AS [Direcciones_1_ID_Direccion], [Direcciones_1].[Descripcion] AS [Direcciones_1_Descripcion], [Sucursales_1].[ID_sucursal] AS [Sucursales_1_ID_sucursal], [Sucursales_1].[Descripcion] AS [Sucursales_1_Descripcion], [Sucursales_1].[ID_Direccion] AS [Sucursales_1_ID_Direccion], [Sucursales_1].estado AS [Sucursales_1_estado] 
FROM [Recetas] LEFT OUTER JOIN [Sucursales] AS [Sucursales_1] ON [Sucursales_1].[ID_sucursal] = [Recetas].[ID_sucursal] LEFT OUTER JOIN [Direcciones] AS [Direcciones_1] ON [Direcciones_1].[ID_Direccion] = [Sucursales_1].[ID_Direccion]]
(Background on this error at: https://sqlalche.me/e/20/e3q8)
2026-03-05 02:59:38 | ERROR | Jefe Kevin | Traceback (most recent call last):
  File "C:\Users\kevin\Desktop\Clases\periodo 3 2025\ing softwarre\Proyectop\venv\Lib\site-packages\sqlalchemy\engine\base.py", line 1967, in _exec_single_context
    self.dialect.do_execute(
    ~~~~~~~~~~~~~~~~~~~~~~~^
        cursor, str_statement, effective_parameters, context
        ^^^^^^^^^^^^^^^^^^^^^^^^^^^^^^^^^^^^^^^^^^^^^^^^^^^^
    )
    ^
  File "C:\Users\kevin\Desktop\Clases\periodo 3 2025\ing softwarre\Proyectop\venv\Lib\site-packages\sqlalchemy\engine\default.py", line 951, in do_execute
    cursor.execute(statement, parameters)
    ~~~~~~~~~~~~~~^^^^^^^^^^^^^^^^^^^^^^^
pyodbc.OperationalError: ('08S01', '[08S01] [Microsoft][ODBC Driver 17 for SQL Server]Proveedor de memoria compartida: No hay ningún proceso en el otro extremo de la canalización.\r\n (233) (SQLExecDirectW); [08S01] [Microsoft][ODBC Driver 17 for SQL Server]Error en el vínculo de comunicación (233)')

The above exception was the direct cause of the following exception:

Traceback (most recent call last):
  File "C:\Users\kevin\Desktop\Clases\periodo 3 2025\ing softwarre\Proyectop\proyecto\reports\routes.py", line 385, in exportar
    cols, rows = _columnas_y_filas(model_cls)
                 ~~~~~~~~~~~~~~~~~^^^^^^^^^^^
  File "C:\Users\kevin\Desktop\Clases\periodo 3 2025\ing softwarre\Proyectop\proyecto\reports\routes.py", line 298, in _columnas_y_filas
    records = model_cls.query.limit(limit).all()
  File "C:\Users\kevin\Desktop\Clases\periodo 3 2025\ing softwarre\Proyectop\venv\Lib\site-packages\sqlalchemy\orm\query.py", line 2704, in all
    return self._iter().all()  # type: ignore
           ~~~~~~~~~~^^
  File "C:\Users\kevin\Desktop\Clases\periodo 3 2025\ing softwarre\Proyectop\venv\Lib\site-packages\sqlalchemy\orm\query.py", line 2857, in _iter
    result: Union[ScalarResult[_T], Result[_T]] = self.session.execute(
                                                  ~~~~~~~~~~~~~~~~~~~~^
        statement,
        ^^^^^^^^^^
        params,
        ^^^^^^^
        execution_options={"_sa_orm_load_options": self.load_options},
        ^^^^^^^^^^^^^^^^^^^^^^^^^^^^^^^^^^^^^^^^^^^^^^^^^^^^^^^^^^^^^^
    )
    ^
  File "C:\Users\kevin\Desktop\Clases\periodo 3 2025\ing softwarre\Proyectop\venv\Lib\site-packages\sqlalchemy\orm\session.py", line 2351, in execute
    return self._execute_internal(
           ~~~~~~~~~~~~~~~~~~~~~~^
        statement,
        ^^^^^^^^^^
    ...<4 lines>...
        _add_event=_add_event,
        ^^^^^^^^^^^^^^^^^^^^^^
    )
    ^
  File "C:\Users\kevin\Desktop\Clases\periodo 3 2025\ing softwarre\Proyectop\venv\Lib\site-packages\sqlalchemy\orm\session.py", line 2249, in _execute_internal
    result: Result[Any] = compile_state_cls.orm_execute_statement(
                          ~~~~~~~~~~~~~~~~~~~~~~~~~~~~~~~~~~~~~~~^
        self,
        ^^^^^
    ...<4 lines>...
        conn,
        ^^^^^
    )
    ^
  File "C:\Users\kevin\Desktop\Clases\periodo 3 2025\ing softwarre\Proyectop\venv\Lib\site-packages\sqlalchemy\orm\context.py", line 306, in orm_execute_statement
    result = conn.execute(
        statement, params or {}, execution_options=execution_options
    )
  File "C:\Users\kevin\Desktop\Clases\periodo 3 2025\ing softwarre\Proyectop\venv\Lib\site-packages\sqlalchemy\engine\base.py", line 1419, in execute
    return meth(
        self,
        distilled_parameters,
        execution_options or NO_OPTIONS,
    )
  File "C:\Users\kevin\Desktop\Clases\periodo 3 2025\ing softwarre\Proyectop\venv\Lib\site-packages\sqlalchemy\sql\elements.py", line 526, in _execute_on_connection
    return connection._execute_clauseelement(
           ~~~~~~~~~~~~~~~~~~~~~~~~~~~~~~~~~^
        self, distilled_params, execution_options
        ^^^^^^^^^^^^^^^^^^^^^^^^^^^^^^^^^^^^^^^^^
    )
    ^
  File "C:\Users\kevin\Desktop\Clases\periodo 3 2025\ing softwarre\Proyectop\venv\Lib\site-packages\sqlalchemy\engine\base.py", line 1641, in _execute_clauseelement
    ret = self._execute_context(
        dialect,
    ...<8 lines>...
        cache_hit=cache_hit,
    )
  File "C:\Users\kevin\Desktop\Clases\periodo 3 2025\ing softwarre\Proyectop\venv\Lib\site-packages\sqlalchemy\engine\base.py", line 1846, in _execute_context
    return self._exec_single_context(
           ~~~~~~~~~~~~~~~~~~~~~~~~~^
        dialect, context, statement, parameters
        ^^^^^^^^^^^^^^^^^^^^^^^^^^^^^^^^^^^^^^^
    )
    ^
  File "C:\Users\kevin\Desktop\Clases\periodo 3 2025\ing softwarre\Proyectop\venv\Lib\site-packages\sqlalchemy\engine\base.py", line 1986, in _exec_single_context
    self._handle_dbapi_exception(
    ~~~~~~~~~~~~~~~~~~~~~~~~~~~~^
        e, str_statement, effective_parameters, cursor, context
        ^^^^^^^^^^^^^^^^^^^^^^^^^^^^^^^^^^^^^^^^^^^^^^^^^^^^^^^
    )
    ^
  File "C:\Users\kevin\Desktop\Clases\periodo 3 2025\ing softwarre\Proyectop\venv\Lib\site-packages\sqlalchemy\engine\base.py", line 2355, in _handle_dbapi_exception
    raise sqlalchemy_exception.with_traceback(exc_info[2]) from e
  File "C:\Users\kevin\Desktop\Clases\periodo 3 2025\ing softwarre\Proyectop\venv\Lib\site-packages\sqlalchemy\engine\base.py", line 1967, in _exec_single_context
    self.dialect.do_execute(
    ~~~~~~~~~~~~~~~~~~~~~~~^
        cursor, str_statement, effective_parameters, context
        ^^^^^^^^^^^^^^^^^^^^^^^^^^^^^^^^^^^^^^^^^^^^^^^^^^^^
    )
    ^
  File "C:\Users\kevin\Desktop\Clases\periodo 3 2025\ing softwarre\Proyectop\venv\Lib\site-packages\sqlalchemy\engine\default.py", line 951, in do_execute
    cursor.execute(statement, parameters)
    ~~~~~~~~~~~~~~^^^^^^^^^^^^^^^^^^^^^^^
sqlalchemy.exc.OperationalError: (pyodbc.OperationalError) ('08S01', '[08S01] [Microsoft][ODBC Driver 17 for SQL Server]Proveedor de memoria compartida: No hay ningún proceso en el otro extremo de la canalización.\r\n (233) (SQLExecDirectW); [08S01] [Microsoft][ODBC Driver 17 for SQL Server]Error en el vínculo de comunicación (233)')
[SQL: SELECT TOP 10000 [Recetas].[ID_Receta] AS [Recetas_ID_Receta], [Recetas].[ID_Jefe_de_cocina] AS [Recetas_ID_Jefe_de_cocina], [Recetas].[ID_sucursal] AS [Recetas_ID_sucursal], [Recetas].[Nombre_receta] AS [Recetas_Nombre_receta], [Recetas].[Estado] AS [Recetas_Estado], [Recetas].descripcion AS [Recetas_descripcion], [Recetas].categoria AS [Recetas_categoria], [Recetas].descripcion_cliente AS [Recetas_descripcion_cliente], [Direcciones_1].[ID_Direccion] AS [Direcciones_1_ID_Direccion], [Direcciones_1].[Descripcion] AS [Direcciones_1_Descripcion], [Sucursales_1].[ID_sucursal] AS [Sucursales_1_ID_sucursal], [Sucursales_1].[Descripcion] AS [Sucursales_1_Descripcion], [Sucursales_1].[ID_Direccion] AS [Sucursales_1_ID_Direccion], [Sucursales_1].estado AS [Sucursales_1_estado] 
FROM [Recetas] LEFT OUTER JOIN [Sucursales] AS [Sucursales_1] ON [Sucursales_1].[ID_sucursal] = [Recetas].[ID_sucursal] LEFT OUTER JOIN [Direcciones] AS [Direcciones_1] ON [Direcciones_1].[ID_Direccion] = [Sucursales_1].[ID_Direccion]]
(Background on this error at: https://sqlalche.me/e/20/e3q8)

